<?xml version="1.0" encoding="UTF-8"?>
<coverage generated="1737351375605" clover="3.2.0">
  <project timestamp="1737351375605" name="All files">
    <metrics statements="226" coveredstatements="133" conditionals="219" coveredconditionals="115" methods="19" coveredmethods="10" elements="464" coveredelements="258" complexity="0" loc="226" ncloc="226" packages="1" files="1" classes="1"/>
    <file name="validator.js" path="C:\Users\slrteck\CascadeProjects\envchecker\src\validator.js">
      <metrics statements="226" coveredstatements="133" conditionals="219" coveredconditionals="115" methods="19" coveredmethods="10"/>
      <line num="1" count="4" type="stmt"/>
      <line num="2" count="4" type="stmt"/>
      <line num="6" count="19" type="stmt"/>
      <line num="7" count="19" type="stmt"/>
      <line num="8" count="19" type="stmt"/>
      <line num="9" count="19" type="stmt"/>
      <line num="13" count="0" type="cond" truecount="0" falsecount="2"/>
      <line num="14" count="0" type="stmt"/>
      <line num="16" count="0" type="stmt"/>
      <line num="20" count="19" type="cond" truecount="1" falsecount="1"/>
      <line num="21" count="19" type="stmt"/>
      <line num="26" count="34" type="cond" truecount="1" falsecount="1"/>
      <line num="27" count="34" type="cond" truecount="3" falsecount="1"/>
      <line num="29" count="34" type="cond" truecount="5" falsecount="7"/>
      <line num="31" count="11" type="stmt"/>
      <line num="33" count="7" type="cond" truecount="2" falsecount="0"/>
      <line num="35" count="6" type="cond" truecount="1" falsecount="1"/>
      <line num="37" count="5" type="cond" truecount="1" falsecount="1"/>
      <line num="38" count="5" type="stmt"/>
      <line num="39" count="5" type="stmt"/>
      <line num="40" count="5" type="stmt"/>
      <line num="42" count="0" type="stmt"/>
      <line num="46" count="5" type="cond" truecount="4" falsecount="0"/>
      <line num="47" count="1" type="stmt"/>
      <line num="49" count="4" type="stmt"/>
      <line num="50" count="4" type="stmt"/>
      <line num="51" count="2" type="cond" truecount="1" falsecount="1"/>
      <line num="52" count="0" type="cond" truecount="0" falsecount="2"/>
      <line num="54" count="2" type="stmt"/>
      <line num="56" count="2" type="cond" truecount="2" falsecount="0"/>
      <line num="60" count="0" type="cond" truecount="0" falsecount="2"/>
      <line num="62" count="0" type="cond" truecount="0" falsecount="2"/>
      <line num="64" count="0" type="cond" truecount="0" falsecount="2"/>
      <line num="66" count="0" type="stmt"/>
      <line num="67" count="0" type="cond" truecount="0" falsecount="4"/>
      <line num="70" count="0" type="cond" truecount="0" falsecount="2"/>
      <line num="72" count="0" type="cond" truecount="0" falsecount="2"/>
      <line num="74" count="0" type="stmt"/>
      <line num="79" count="5" type="cond" truecount="1" falsecount="1"/>
      <line num="80" count="5" type="stmt"/>
      <line num="81" count="5" type="stmt"/>
      <line num="82" count="5" type="cond" truecount="2" falsecount="0"/>
      <line num="84" count="0" type="stmt"/>
      <line num="89" count="0" type="stmt"/>
      <line num="90" count="0" type="cond" truecount="0" falsecount="2"/>
      <line num="91" count="0" type="stmt"/>
      <line num="94" count="0" type="stmt"/>
      <line num="104" count="0" type="cond" truecount="0" falsecount="2"/>
      <line num="105" count="0" type="stmt"/>
      <line num="109" count="0" type="stmt"/>
      <line num="110" count="0" type="cond" truecount="0" falsecount="2"/>
      <line num="111" count="0" type="stmt"/>
      <line num="114" count="0" type="stmt"/>
      <line num="118" count="0" type="stmt"/>
      <line num="119" count="0" type="stmt"/>
      <line num="122" count="0" type="stmt"/>
      <line num="123" count="0" type="cond" truecount="0" falsecount="2"/>
      <line num="127" count="0" type="stmt"/>
      <line num="128" count="0" type="stmt"/>
      <line num="129" count="0" type="stmt"/>
      <line num="130" count="0" type="stmt"/>
      <line num="133" count="0" type="stmt"/>
      <line num="137" count="1" type="cond" truecount="3" falsecount="1"/>
      <line num="138" count="1" type="stmt"/>
      <line num="140" count="0" type="cond" truecount="0" falsecount="4"/>
      <line num="141" count="0" type="stmt"/>
      <line num="143" count="0" type="stmt"/>
      <line num="147" count="1" type="stmt"/>
      <line num="148" count="1" type="cond" truecount="3" falsecount="1"/>
      <line num="149" count="1" type="cond" truecount="3" falsecount="1"/>
      <line num="150" count="1" type="stmt"/>
      <line num="154" count="2" type="stmt"/>
      <line num="155" count="2" type="cond" truecount="1" falsecount="1"/>
      <line num="157" count="2" type="cond" truecount="1" falsecount="1"/>
      <line num="158" count="2" type="stmt"/>
      <line num="159" count="2" type="cond" truecount="2" falsecount="0"/>
      <line num="160" count="1" type="stmt"/>
      <line num="163" count="1" type="stmt"/>
      <line num="166" count="0" type="stmt"/>
      <line num="167" count="0" type="stmt"/>
      <line num="168" count="0" type="cond" truecount="0" falsecount="2"/>
      <line num="169" count="0" type="cond" truecount="0" falsecount="2"/>
      <line num="170" count="0" type="stmt"/>
      <line num="172" count="0" type="cond" truecount="0" falsecount="4"/>
      <line num="173" count="0" type="stmt"/>
      <line num="176" count="0" type="stmt"/>
      <line num="180" count="0" type="cond" truecount="0" falsecount="2"/>
      <line num="182" count="0" type="stmt"/>
      <line num="192" count="0" type="cond" truecount="0" falsecount="2"/>
      <line num="196" count="10" type="cond" truecount="2" falsecount="0"/>
      <line num="198" count="10" type="cond" truecount="1" falsecount="1"/>
      <line num="199" count="0" type="stmt"/>
      <line num="202" count="10" type="stmt"/>
      <line num="205" count="10" type="cond" truecount="2" falsecount="0"/>
      <line num="206" count="1" type="cond" truecount="2" falsecount="0"/>
      <line num="210" count="9" type="cond" truecount="2" falsecount="0"/>
      <line num="211" count="7" type="stmt"/>
      <line num="213" count="7" type="cond" truecount="4" falsecount="0"/>
      <line num="214" count="7" type="stmt"/>
      <line num="215" count="7" type="cond" truecount="2" falsecount="0"/>
      <line num="217" count="0" type="cond" truecount="0" falsecount="2"/>
      <line num="218" count="0" type="stmt"/>
      <line num="220" count="0" type="stmt"/>
      <line num="225" count="2" type="cond" truecount="2" falsecount="0"/>
      <line num="226" count="1" type="stmt"/>
      <line num="227" count="1" type="cond" truecount="2" falsecount="0"/>
      <line num="231" count="1" type="cond" truecount="3" falsecount="1"/>
      <line num="232" count="1" type="stmt"/>
      <line num="233" count="1" type="cond" truecount="1" falsecount="1"/>
      <line num="234" count="1" type="stmt"/>
      <line num="235" count="1" type="cond" truecount="1" falsecount="1"/>
      <line num="237" count="0" type="stmt"/>
      <line num="241" count="0" type="stmt"/>
      <line num="246" count="2" type="cond" truecount="1" falsecount="1"/>
      <line num="247" count="2" type="stmt"/>
      <line num="248" count="4" type="cond" truecount="2" falsecount="0"/>
      <line num="249" count="2" type="stmt"/>
      <line num="255" count="0" type="cond" truecount="0" falsecount="2"/>
      <line num="256" count="0" type="stmt"/>
      <line num="257" count="0" type="cond" truecount="0" falsecount="2"/>
      <line num="258" count="0" type="stmt"/>
      <line num="259" count="0" type="cond" truecount="0" falsecount="4"/>
      <line num="260" count="0" type="stmt"/>
      <line num="266" count="0" type="stmt"/>
      <line num="270" count="0" type="stmt"/>
      <line num="271" count="0" type="stmt"/>
      <line num="272" count="0" type="stmt"/>
      <line num="273" count="0" type="stmt"/>
      <line num="276" count="0" type="stmt"/>
      <line num="277" count="0" type="cond" truecount="0" falsecount="2"/>
      <line num="278" count="0" type="stmt"/>
      <line num="282" count="0" type="stmt"/>
      <line num="283" count="0" type="cond" truecount="0" falsecount="2"/>
      <line num="284" count="0" type="stmt"/>
      <line num="288" count="0" type="stmt"/>
      <line num="289" count="0" type="stmt"/>
      <line num="290" count="0" type="cond" truecount="0" falsecount="5"/>
      <line num="292" count="0" type="stmt"/>
      <line num="293" count="0" type="cond" truecount="0" falsecount="2"/>
      <line num="294" count="0" type="stmt"/>
      <line num="299" count="0" type="stmt"/>
      <line num="301" count="0" type="cond" truecount="0" falsecount="2"/>
      <line num="302" count="0" type="stmt"/>
      <line num="304" count="0" type="stmt"/>
      <line num="309" count="43" type="stmt"/>
      <line num="323" count="43" type="stmt"/>
      <line num="325" count="43" type="stmt"/>
      <line num="327" count="43" type="stmt"/>
      <line num="330" count="43" type="cond" truecount="1" falsecount="1"/>
      <line num="333" count="43" type="cond" truecount="1" falsecount="1"/>
      <line num="334" count="45" type="stmt"/>
      <line num="337" count="45" type="cond" truecount="2" falsecount="0"/>
      <line num="338" count="2" type="cond" truecount="1" falsecount="1"/>
      <line num="339" count="0" type="stmt"/>
      <line num="341" count="2" type="stmt"/>
      <line num="342" count="2" type="stmt"/>
      <line num="343" count="2" type="stmt"/>
      <line num="348" count="43" type="cond" truecount="2" falsecount="0"/>
      <line num="349" count="2" type="stmt"/>
      <line num="350" count="2" type="cond" truecount="2" falsecount="0"/>
      <line num="351" count="1" type="stmt"/>
      <line num="352" count="1" type="stmt"/>
      <line num="357" count="42" type="stmt"/>
      <line num="358" count="42" type="cond" truecount="4" falsecount="0"/>
      <line num="359" count="8" type="stmt"/>
      <line num="360" count="8" type="stmt"/>
      <line num="362" count="2" type="stmt"/>
      <line num="363" count="2" type="stmt"/>
      <line num="368" count="40" type="cond" truecount="2" falsecount="0"/>
      <line num="369" count="1" type="stmt"/>
      <line num="370" count="1" type="cond" truecount="1" falsecount="1"/>
      <line num="371" count="1" type="stmt"/>
      <line num="372" count="1" type="stmt"/>
      <line num="377" count="39" type="cond" truecount="2" falsecount="0"/>
      <line num="378" count="34" type="stmt"/>
      <line num="379" count="34" type="cond" truecount="2" falsecount="0"/>
      <line num="380" count="3" type="stmt"/>
      <line num="381" count="3" type="stmt"/>
      <line num="385" count="31" type="cond" truecount="2" falsecount="0"/>
      <line num="387" count="6" type="stmt"/>
      <line num="388" count="6" type="stmt"/>
      <line num="390" count="6" type="cond" truecount="2" falsecount="0"/>
      <line num="391" count="6" type="stmt"/>
      <line num="396" count="36" type="cond" truecount="2" falsecount="0"/>
      <line num="397" count="5" type="stmt"/>
      <line num="398" count="5" type="cond" truecount="2" falsecount="0"/>
      <line num="399" count="2" type="stmt"/>
      <line num="400" count="2" type="stmt"/>
      <line num="405" count="34" type="cond" truecount="4" falsecount="0"/>
      <line num="406" count="1" type="stmt"/>
      <line num="407" count="1" type="cond" truecount="1" falsecount="1"/>
      <line num="408" count="1" type="stmt"/>
      <line num="409" count="1" type="stmt"/>
      <line num="414" count="33" type="cond" truecount="4" falsecount="0"/>
      <line num="415" count="1" type="stmt"/>
      <line num="416" count="1" type="cond" truecount="1" falsecount="1"/>
      <line num="417" count="0" type="stmt"/>
      <line num="418" count="0" type="stmt"/>
      <line num="423" count="33" type="cond" truecount="2" falsecount="2"/>
      <line num="424" count="0" type="stmt"/>
      <line num="425" count="0" type="stmt"/>
      <line num="429" count="33" type="cond" truecount="1" falsecount="1"/>
      <line num="430" count="0" type="stmt"/>
      <line num="431" count="0" type="cond" truecount="0" falsecount="2"/>
      <line num="432" count="0" type="stmt"/>
      <line num="433" count="0" type="stmt"/>
      <line num="438" count="33" type="cond" truecount="2" falsecount="0"/>
      <line num="439" count="10" type="stmt"/>
      <line num="440" count="10" type="cond" truecount="2" falsecount="0"/>
      <line num="441" count="8" type="stmt"/>
      <line num="442" count="8" type="stmt"/>
      <line num="447" count="25" type="cond" truecount="1" falsecount="1"/>
      <line num="448" count="0" type="stmt"/>
      <line num="449" count="0" type="stmt"/>
      <line num="452" count="25" type="stmt"/>
      <line num="453" count="25" type="stmt"/>
      <line num="456" count="43" type="stmt"/>
      <line num="457" count="43" type="stmt"/>
      <line num="459" count="43" type="cond" truecount="2" falsecount="0"/>
      <line num="460" count="19" type="stmt"/>
      <line num="463" count="24" type="stmt"/>
      <line num="465" count="19" type="cond" truecount="1" falsecount="1"/>
      <line num="466" count="19" type="stmt"/>
      <line num="468" count="0" type="stmt"/>
      <line num="469" count="0" type="stmt"/>
      <line num="473" count="4" type="stmt"/>
    </file>
  </project>
</coverage>
