{"C:\\Users\\slrteck\\CascadeProjects\\envchecker\\src\\validator.js": {"path":"C:\\Users\\slrteck\\CascadeProjects\\envchecker\\src\\validator.js","statementMap":{"0":{"start":{"line":1,"column":15},"end":{"line":1,"column":32}},"1":{"start":{"line":2,"column":11},"end":{"line":2,"column":24}},"2":{"start":{"line":6,"column":8},"end":{"line":6,"column":23}},"3":{"start":{"line":7,"column":8},"end":{"line":7,"column":38}},"4":{"start":{"line":8,"column":8},"end":{"line":8,"column":29}},"5":{"start":{"line":9,"column":8},"end":{"line":9,"column":33}},"6":{"start":{"line":13,"column":8},"end":{"line":15,"column":9}},"7":{"start":{"line":14,"column":12},"end":{"line":14,"column":42}},"8":{"start":{"line":16,"column":8},"end":{"line":16,"column":28}},"9":{"start":{"line":20,"column":24},"end":{"line":20,"column":89}},"10":{"start":{"line":21,"column":8},"end":{"line":21,"column":76}},"11":{"start":{"line":26,"column":4},"end":{"line":26,"column":27}},"12":{"start":{"line":26,"column":15},"end":{"line":26,"column":27}},"13":{"start":{"line":27,"column":4},"end":{"line":27,"column":74}},"14":{"start":{"line":27,"column":47},"end":{"line":27,"column":74}},"15":{"start":{"line":29,"column":4},"end":{"line":75,"column":5}},"16":{"start":{"line":31,"column":8},"end":{"line":31,"column":20}},"17":{"start":{"line":33,"column":8},"end":{"line":33,"column":85}},"18":{"start":{"line":35,"column":8},"end":{"line":35,"column":118}},"19":{"start":{"line":37,"column":8},"end":{"line":37,"column":51}},"20":{"start":{"line":37,"column":39},"end":{"line":37,"column":51}},"21":{"start":{"line":38,"column":8},"end":{"line":43,"column":9}},"22":{"start":{"line":39,"column":12},"end":{"line":39,"column":30}},"23":{"start":{"line":40,"column":12},"end":{"line":40,"column":24}},"24":{"start":{"line":42,"column":12},"end":{"line":42,"column":40}},"25":{"start":{"line":46,"column":8},"end":{"line":48,"column":9}},"26":{"start":{"line":47,"column":12},"end":{"line":47,"column":24}},"27":{"start":{"line":49,"column":8},"end":{"line":57,"column":9}},"28":{"start":{"line":50,"column":24},"end":{"line":50,"column":38}},"29":{"start":{"line":51,"column":12},"end":{"line":53,"column":13}},"30":{"start":{"line":52,"column":16},"end":{"line":52,"column":102}},"31":{"start":{"line":54,"column":12},"end":{"line":54,"column":24}},"32":{"start":{"line":56,"column":12},"end":{"line":56,"column":98}},"33":{"start":{"line":60,"column":8},"end":{"line":60,"column":83}},"34":{"start":{"line":62,"column":8},"end":{"line":62,"column":87}},"35":{"start":{"line":64,"column":8},"end":{"line":64,"column":104}},"36":{"start":{"line":66,"column":21},"end":{"line":66,"column":34}},"37":{"start":{"line":67,"column":8},"end":{"line":67,"column":103}},"38":{"start":{"line":70,"column":8},"end":{"line":70,"column":72}},"39":{"start":{"line":72,"column":8},"end":{"line":72,"column":129}},"40":{"start":{"line":74,"column":8},"end":{"line":74,"column":20}},"41":{"start":{"line":79,"column":4},"end":{"line":79,"column":30}},"42":{"start":{"line":79,"column":18},"end":{"line":79,"column":30}},"43":{"start":{"line":80,"column":4},"end":{"line":85,"column":5}},"44":{"start":{"line":81,"column":22},"end":{"line":81,"column":41}},"45":{"start":{"line":82,"column":8},"end":{"line":82,"column":63}},"46":{"start":{"line":84,"column":8},"end":{"line":84,"column":55}},"47":{"start":{"line":89,"column":21},"end":{"line":89,"column":23}},"48":{"start":{"line":90,"column":4},"end":{"line":113,"column":5}},"49":{"start":{"line":91,"column":8},"end":{"line":91,"column":85}},"50":{"start":{"line":94,"column":34},"end":{"line":102,"column":9}},"51":{"start":{"line":104,"column":8},"end":{"line":106,"column":9}},"52":{"start":{"line":104,"column":46},"end":{"line":104,"column":65}},"53":{"start":{"line":105,"column":12},"end":{"line":105,"column":79}},"54":{"start":{"line":109,"column":24},"end":{"line":109,"column":47}},"55":{"start":{"line":110,"column":8},"end":{"line":112,"column":9}},"56":{"start":{"line":111,"column":12},"end":{"line":111,"column":89}},"57":{"start":{"line":114,"column":4},"end":{"line":114,"column":20}},"58":{"start":{"line":118,"column":17},"end":{"line":118,"column":19}},"59":{"start":{"line":119,"column":18},"end":{"line":119,"column":19}},"60":{"start":{"line":122,"column":4},"end":{"line":124,"column":5}},"61":{"start":{"line":123,"column":8},"end":{"line":123,"column":43}},"62":{"start":{"line":127,"column":16},"end":{"line":127,"column":28}},"63":{"start":{"line":128,"column":4},"end":{"line":131,"column":5}},"64":{"start":{"line":129,"column":18},"end":{"line":129,"column":29}},"65":{"start":{"line":130,"column":8},"end":{"line":130,"column":36}},"66":{"start":{"line":133,"column":4},"end":{"line":133,"column":19}},"67":{"start":{"line":137,"column":4},"end":{"line":139,"column":5}},"68":{"start":{"line":138,"column":8},"end":{"line":138,"column":54}},"69":{"start":{"line":140,"column":4},"end":{"line":142,"column":5}},"70":{"start":{"line":141,"column":8},"end":{"line":141,"column":53}},"71":{"start":{"line":143,"column":4},"end":{"line":143,"column":16}},"72":{"start":{"line":147,"column":16},"end":{"line":147,"column":29}},"73":{"start":{"line":148,"column":4},"end":{"line":148,"column":53}},"74":{"start":{"line":148,"column":40},"end":{"line":148,"column":53}},"75":{"start":{"line":149,"column":4},"end":{"line":149,"column":53}},"76":{"start":{"line":149,"column":40},"end":{"line":149,"column":53}},"77":{"start":{"line":150,"column":4},"end":{"line":150,"column":16}},"78":{"start":{"line":154,"column":19},"end":{"line":154,"column":49}},"79":{"start":{"line":155,"column":4},"end":{"line":155,"column":42}},"80":{"start":{"line":155,"column":30},"end":{"line":155,"column":42}},"81":{"start":{"line":157,"column":4},"end":{"line":164,"column":5}},"82":{"start":{"line":158,"column":8},"end":{"line":162,"column":9}},"83":{"start":{"line":159,"column":12},"end":{"line":161,"column":13}},"84":{"start":{"line":160,"column":16},"end":{"line":160,"column":54}},"85":{"start":{"line":163,"column":8},"end":{"line":163,"column":20}},"86":{"start":{"line":166,"column":4},"end":{"line":175,"column":5}},"87":{"start":{"line":167,"column":25},"end":{"line":167,"column":40}},"88":{"start":{"line":168,"column":8},"end":{"line":174,"column":9}},"89":{"start":{"line":169,"column":12},"end":{"line":171,"column":13}},"90":{"start":{"line":170,"column":16},"end":{"line":170,"column":69}},"91":{"start":{"line":172,"column":15},"end":{"line":174,"column":9}},"92":{"start":{"line":173,"column":12},"end":{"line":173,"column":50}},"93":{"start":{"line":176,"column":4},"end":{"line":176,"column":16}},"94":{"start":{"line":180,"column":4},"end":{"line":180,"column":29}},"95":{"start":{"line":180,"column":17},"end":{"line":180,"column":29}},"96":{"start":{"line":182,"column":20},"end":{"line":190,"column":5}},"97":{"start":{"line":192,"column":4},"end":{"line":192,"column":49}},"98":{"start":{"line":196,"column":16},"end":{"line":196,"column":53}},"99":{"start":{"line":198,"column":4},"end":{"line":200,"column":5}},"100":{"start":{"line":199,"column":8},"end":{"line":199,"column":20}},"101":{"start":{"line":202,"column":22},"end":{"line":202,"column":37}},"102":{"start":{"line":205,"column":4},"end":{"line":207,"column":5}},"103":{"start":{"line":206,"column":8},"end":{"line":206,"column":93}},"104":{"start":{"line":210,"column":4},"end":{"line":222,"column":5}},"105":{"start":{"line":211,"column":8},"end":{"line":221,"column":9}},"106":{"start":{"line":213,"column":32},"end":{"line":213,"column":110}},"107":{"start":{"line":214,"column":27},"end":{"line":214,"column":66}},"108":{"start":{"line":215,"column":12},"end":{"line":215,"column":51}},"109":{"start":{"line":217,"column":12},"end":{"line":219,"column":13}},"110":{"start":{"line":218,"column":16},"end":{"line":218,"column":44}},"111":{"start":{"line":220,"column":12},"end":{"line":220,"column":33}},"112":{"start":{"line":225,"column":4},"end":{"line":228,"column":5}},"113":{"start":{"line":226,"column":22},"end":{"line":226,"column":43}},"114":{"start":{"line":227,"column":8},"end":{"line":227,"column":63}},"115":{"start":{"line":231,"column":4},"end":{"line":239,"column":5}},"116":{"start":{"line":232,"column":8},"end":{"line":238,"column":9}},"117":{"start":{"line":233,"column":32},"end":{"line":233,"column":85}},"118":{"start":{"line":234,"column":31},"end":{"line":234,"column":69}},"119":{"start":{"line":235,"column":12},"end":{"line":235,"column":59}},"120":{"start":{"line":237,"column":12},"end":{"line":237,"column":40}},"121":{"start":{"line":241,"column":4},"end":{"line":241,"column":16}},"122":{"start":{"line":246,"column":4},"end":{"line":252,"column":5}},"123":{"start":{"line":247,"column":8},"end":{"line":251,"column":9}},"124":{"start":{"line":248,"column":12},"end":{"line":250,"column":13}},"125":{"start":{"line":249,"column":16},"end":{"line":249,"column":58}},"126":{"start":{"line":255,"column":4},"end":{"line":264,"column":5}},"127":{"start":{"line":256,"column":8},"end":{"line":263,"column":9}},"128":{"start":{"line":257,"column":12},"end":{"line":262,"column":13}},"129":{"start":{"line":258,"column":35},"end":{"line":258,"column":47}},"130":{"start":{"line":259,"column":16},"end":{"line":261,"column":17}},"131":{"start":{"line":260,"column":20},"end":{"line":260,"column":80}},"132":{"start":{"line":266,"column":4},"end":{"line":266,"column":16}},"133":{"start":{"line":270,"column":21},"end":{"line":270,"column":23}},"134":{"start":{"line":271,"column":4},"end":{"line":305,"column":5}},"135":{"start":{"line":272,"column":31},"end":{"line":272,"column":67}},"136":{"start":{"line":273,"column":28},"end":{"line":273,"column":56}},"137":{"start":{"line":276,"column":35},"end":{"line":276,"column":92}},"138":{"start":{"line":276,"column":70},"end":{"line":276,"column":91}},"139":{"start":{"line":277,"column":8},"end":{"line":279,"column":9}},"140":{"start":{"line":278,"column":12},"end":{"line":278,"column":99}},"141":{"start":{"line":282,"column":31},"end":{"line":282,"column":88}},"142":{"start":{"line":282,"column":70},"end":{"line":282,"column":87}},"143":{"start":{"line":283,"column":8},"end":{"line":285,"column":9}},"144":{"start":{"line":284,"column":12},"end":{"line":284,"column":95}},"145":{"start":{"line":288,"column":8},"end":{"line":297,"column":11}},"146":{"start":{"line":289,"column":29},"end":{"line":289,"column":41}},"147":{"start":{"line":290,"column":12},"end":{"line":296,"column":13}},"148":{"start":{"line":292,"column":35},"end":{"line":292,"column":66}},"149":{"start":{"line":293,"column":16},"end":{"line":295,"column":17}},"150":{"start":{"line":294,"column":20},"end":{"line":294,"column":92}},"151":{"start":{"line":299,"column":8},"end":{"line":299,"column":24}},"152":{"start":{"line":301,"column":8},"end":{"line":303,"column":9}},"153":{"start":{"line":302,"column":12},"end":{"line":302,"column":74}},"154":{"start":{"line":304,"column":8},"end":{"line":304,"column":24}},"155":{"start":{"line":309,"column":19},"end":{"line":321,"column":5}},"156":{"start":{"line":323,"column":22},"end":{"line":323,"column":32}},"157":{"start":{"line":325,"column":4},"end":{"line":470,"column":5}},"158":{"start":{"line":327,"column":20},"end":{"line":327,"column":31}},"159":{"start":{"line":330,"column":8},"end":{"line":330,"column":93}},"160":{"start":{"line":333,"column":8},"end":{"line":454,"column":9}},"161":{"start":{"line":334,"column":24},"end":{"line":334,"column":32}},"162":{"start":{"line":337,"column":12},"end":{"line":345,"column":13}},"163":{"start":{"line":338,"column":16},"end":{"line":344,"column":17}},"164":{"start":{"line":339,"column":20},"end":{"line":339,"column":43}},"165":{"start":{"line":341,"column":20},"end":{"line":341,"column":78}},"166":{"start":{"line":342,"column":20},"end":{"line":342,"column":55}},"167":{"start":{"line":343,"column":20},"end":{"line":343,"column":29}},"168":{"start":{"line":348,"column":12},"end":{"line":354,"column":13}},"169":{"start":{"line":349,"column":45},"end":{"line":349,"column":90}},"170":{"start":{"line":350,"column":16},"end":{"line":353,"column":17}},"171":{"start":{"line":351,"column":20},"end":{"line":351,"column":74}},"172":{"start":{"line":352,"column":20},"end":{"line":352,"column":29}},"173":{"start":{"line":357,"column":30},"end":{"line":357,"column":35}},"174":{"start":{"line":358,"column":12},"end":{"line":365,"column":13}},"175":{"start":{"line":359,"column":16},"end":{"line":364,"column":17}},"176":{"start":{"line":360,"column":20},"end":{"line":360,"column":52}},"177":{"start":{"line":362,"column":20},"end":{"line":362,"column":69}},"178":{"start":{"line":363,"column":20},"end":{"line":363,"column":29}},"179":{"start":{"line":368,"column":12},"end":{"line":374,"column":13}},"180":{"start":{"line":369,"column":41},"end":{"line":369,"column":83}},"181":{"start":{"line":370,"column":16},"end":{"line":373,"column":17}},"182":{"start":{"line":371,"column":20},"end":{"line":371,"column":57}},"183":{"start":{"line":372,"column":20},"end":{"line":372,"column":29}},"184":{"start":{"line":377,"column":12},"end":{"line":393,"column":13}},"185":{"start":{"line":378,"column":39},"end":{"line":378,"column":76}},"186":{"start":{"line":379,"column":16},"end":{"line":382,"column":17}},"187":{"start":{"line":380,"column":20},"end":{"line":380,"column":68}},"188":{"start":{"line":381,"column":20},"end":{"line":381,"column":29}},"189":{"start":{"line":385,"column":16},"end":{"line":392,"column":17}},"190":{"start":{"line":387,"column":20},"end":{"line":387,"column":48}},"191":{"start":{"line":388,"column":20},"end":{"line":388,"column":26}},"192":{"start":{"line":390,"column":20},"end":{"line":390,"column":68}},"193":{"start":{"line":391,"column":20},"end":{"line":391,"column":26}},"194":{"start":{"line":396,"column":12},"end":{"line":402,"column":13}},"195":{"start":{"line":397,"column":42},"end":{"line":397,"column":80}},"196":{"start":{"line":398,"column":16},"end":{"line":401,"column":17}},"197":{"start":{"line":399,"column":20},"end":{"line":399,"column":71}},"198":{"start":{"line":400,"column":20},"end":{"line":400,"column":29}},"199":{"start":{"line":405,"column":12},"end":{"line":411,"column":13}},"200":{"start":{"line":406,"column":41},"end":{"line":406,"column":98}},"201":{"start":{"line":407,"column":16},"end":{"line":410,"column":17}},"202":{"start":{"line":408,"column":20},"end":{"line":408,"column":70}},"203":{"start":{"line":409,"column":20},"end":{"line":409,"column":29}},"204":{"start":{"line":414,"column":12},"end":{"line":420,"column":13}},"205":{"start":{"line":415,"column":40},"end":{"line":415,"column":84}},"206":{"start":{"line":416,"column":16},"end":{"line":419,"column":17}},"207":{"start":{"line":417,"column":20},"end":{"line":417,"column":69}},"208":{"start":{"line":418,"column":20},"end":{"line":418,"column":29}},"209":{"start":{"line":423,"column":12},"end":{"line":426,"column":13}},"210":{"start":{"line":424,"column":16},"end":{"line":424,"column":98}},"211":{"start":{"line":425,"column":16},"end":{"line":425,"column":25}},"212":{"start":{"line":429,"column":12},"end":{"line":435,"column":13}},"213":{"start":{"line":430,"column":41},"end":{"line":430,"column":77}},"214":{"start":{"line":431,"column":16},"end":{"line":434,"column":17}},"215":{"start":{"line":432,"column":20},"end":{"line":432,"column":70}},"216":{"start":{"line":433,"column":20},"end":{"line":433,"column":29}},"217":{"start":{"line":438,"column":12},"end":{"line":444,"column":13}},"218":{"start":{"line":439,"column":44},"end":{"line":439,"column":110}},"219":{"start":{"line":440,"column":16},"end":{"line":443,"column":17}},"220":{"start":{"line":441,"column":20},"end":{"line":441,"column":73}},"221":{"start":{"line":442,"column":20},"end":{"line":442,"column":29}},"222":{"start":{"line":447,"column":12},"end":{"line":450,"column":13}},"223":{"start":{"line":448,"column":42},"end":{"line":448,"column":81}},"224":{"start":{"line":449,"column":16},"end":{"line":449,"column":59}},"225":{"start":{"line":452,"column":12},"end":{"line":452,"column":45}},"226":{"start":{"line":453,"column":12},"end":{"line":453,"column":51}},"227":{"start":{"line":456,"column":8},"end":{"line":456,"column":64}},"228":{"start":{"line":457,"column":8},"end":{"line":457,"column":52}},"229":{"start":{"line":459,"column":8},"end":{"line":461,"column":9}},"230":{"start":{"line":460,"column":12},"end":{"line":460,"column":53}},"231":{"start":{"line":463,"column":8},"end":{"line":463,"column":22}},"232":{"start":{"line":465,"column":8},"end":{"line":467,"column":9}},"233":{"start":{"line":466,"column":12},"end":{"line":466,"column":24}},"234":{"start":{"line":468,"column":8},"end":{"line":468,"column":42}},"235":{"start":{"line":469,"column":8},"end":{"line":469,"column":49}},"236":{"start":{"line":473,"column":0},"end":{"line":490,"column":2}}},"fnMap":{"0":{"name":"(anonymous_0)","decl":{"start":{"line":5,"column":4},"end":{"line":5,"column":5}},"loc":{"start":{"line":5,"column":53},"end":{"line":10,"column":5}},"line":5},"1":{"name":"(anonymous_1)","decl":{"start":{"line":12,"column":4},"end":{"line":12,"column":5}},"loc":{"start":{"line":12,"column":15},"end":{"line":17,"column":5}},"line":12},"2":{"name":"(anonymous_2)","decl":{"start":{"line":19,"column":4},"end":{"line":19,"column":5}},"loc":{"start":{"line":19,"column":30},"end":{"line":22,"column":5}},"line":19},"3":{"name":"validateType","decl":{"start":{"line":25,"column":9},"end":{"line":25,"column":21}},"loc":{"start":{"line":25,"column":40},"end":{"line":76,"column":1}},"line":25},"4":{"name":"validatePattern","decl":{"start":{"line":78,"column":9},"end":{"line":78,"column":24}},"loc":{"start":{"line":78,"column":41},"end":{"line":86,"column":1}},"line":78},"5":{"name":"checkSensitiveValue","decl":{"start":{"line":88,"column":9},"end":{"line":88,"column":28}},"loc":{"start":{"line":88,"column":49},"end":{"line":115,"column":1}},"line":88},"6":{"name":"(anonymous_6)","decl":{"start":{"line":104,"column":35},"end":{"line":104,"column":36}},"loc":{"start":{"line":104,"column":46},"end":{"line":104,"column":65}},"line":104},"7":{"name":"calculateEntropy","decl":{"start":{"line":117,"column":9},"end":{"line":117,"column":25}},"loc":{"start":{"line":117,"column":33},"end":{"line":134,"column":1}},"line":117},"8":{"name":"validateLength","decl":{"start":{"line":136,"column":9},"end":{"line":136,"column":23}},"loc":{"start":{"line":136,"column":53},"end":{"line":144,"column":1}},"line":136},"9":{"name":"validateRange","decl":{"start":{"line":146,"column":9},"end":{"line":146,"column":22}},"loc":{"start":{"line":146,"column":40},"end":{"line":151,"column":1}},"line":146},"10":{"name":"validateDependencies","decl":{"start":{"line":153,"column":9},"end":{"line":153,"column":29}},"loc":{"start":{"line":153,"column":59},"end":{"line":177,"column":1}},"line":153},"11":{"name":"validateFormat","decl":{"start":{"line":179,"column":9},"end":{"line":179,"column":23}},"loc":{"start":{"line":179,"column":39},"end":{"line":193,"column":1}},"line":179},"12":{"name":"validateConditional","decl":{"start":{"line":195,"column":9},"end":{"line":195,"column":28}},"loc":{"start":{"line":195,"column":65},"end":{"line":242,"column":1}},"line":195},"13":{"name":"validateSchema","decl":{"start":{"line":244,"column":9},"end":{"line":244,"column":23}},"loc":{"start":{"line":244,"column":39},"end":{"line":267,"column":1}},"line":244},"14":{"name":"compareWithExample","decl":{"start":{"line":269,"column":9},"end":{"line":269,"column":27}},"loc":{"start":{"line":269,"column":50},"end":{"line":306,"column":1}},"line":269},"15":{"name":"(anonymous_15)","decl":{"start":{"line":276,"column":63},"end":{"line":276,"column":64}},"loc":{"start":{"line":276,"column":70},"end":{"line":276,"column":91}},"line":276},"16":{"name":"(anonymous_16)","decl":{"start":{"line":282,"column":63},"end":{"line":282,"column":64}},"loc":{"start":{"line":282,"column":70},"end":{"line":282,"column":87}},"line":282},"17":{"name":"(anonymous_17)","decl":{"start":{"line":288,"column":44},"end":{"line":288,"column":45}},"loc":{"start":{"line":288,"column":69},"end":{"line":297,"column":9}},"line":288},"18":{"name":"validateEnv","decl":{"start":{"line":308,"column":9},"end":{"line":308,"column":20}},"loc":{"start":{"line":308,"column":29},"end":{"line":471,"column":1}},"line":308}},"branchMap":{"0":{"loc":{"start":{"line":5,"column":25},"end":{"line":5,"column":36}},"type":"default-arg","locations":[{"start":{"line":5,"column":34},"end":{"line":5,"column":36}}],"line":5},"1":{"loc":{"start":{"line":5,"column":38},"end":{"line":5,"column":51}},"type":"default-arg","locations":[{"start":{"line":5,"column":49},"end":{"line":5,"column":51}}],"line":5},"2":{"loc":{"start":{"line":13,"column":8},"end":{"line":15,"column":9}},"type":"if","locations":[{"start":{"line":13,"column":8},"end":{"line":15,"column":9}},{"start":{},"end":{}}],"line":13},"3":{"loc":{"start":{"line":20,"column":24},"end":{"line":20,"column":89}},"type":"cond-expr","locations":[{"start":{"line":20,"column":51},"end":{"line":20,"column":67}},{"start":{"line":20,"column":70},"end":{"line":20,"column":89}}],"line":20},"4":{"loc":{"start":{"line":26,"column":4},"end":{"line":26,"column":27}},"type":"if","locations":[{"start":{"line":26,"column":4},"end":{"line":26,"column":27}},{"start":{},"end":{}}],"line":26},"5":{"loc":{"start":{"line":27,"column":4},"end":{"line":27,"column":74}},"type":"if","locations":[{"start":{"line":27,"column":4},"end":{"line":27,"column":74}},{"start":{},"end":{}}],"line":27},"6":{"loc":{"start":{"line":27,"column":8},"end":{"line":27,"column":45}},"type":"binary-expr","locations":[{"start":{"line":27,"column":8},"end":{"line":27,"column":27}},{"start":{"line":27,"column":31},"end":{"line":27,"column":45}}],"line":27},"7":{"loc":{"start":{"line":29,"column":4},"end":{"line":75,"column":5}},"type":"switch","locations":[{"start":{"line":30,"column":4},"end":{"line":31,"column":20}},{"start":{"line":32,"column":4},"end":{"line":33,"column":85}},{"start":{"line":34,"column":4},"end":{"line":35,"column":118}},{"start":{"line":36,"column":4},"end":{"line":44,"column":5}},{"start":{"line":45,"column":4},"end":{"line":58,"column":5}},{"start":{"line":59,"column":4},"end":{"line":60,"column":83}},{"start":{"line":61,"column":4},"end":{"line":62,"column":87}},{"start":{"line":63,"column":4},"end":{"line":64,"column":104}},{"start":{"line":65,"column":4},"end":{"line":68,"column":5}},{"start":{"line":69,"column":4},"end":{"line":70,"column":72}},{"start":{"line":71,"column":4},"end":{"line":72,"column":129}},{"start":{"line":73,"column":4},"end":{"line":74,"column":20}}],"line":29},"8":{"loc":{"start":{"line":33,"column":15},"end":{"line":33,"column":84}},"type":"cond-expr","locations":[{"start":{"line":33,"column":45},"end":{"line":33,"column":49}},{"start":{"line":33,"column":52},"end":{"line":33,"column":84}}],"line":33},"9":{"loc":{"start":{"line":35,"column":15},"end":{"line":35,"column":117}},"type":"binary-expr","locations":[{"start":{"line":35,"column":15},"end":{"line":35,"column":80}},{"start":{"line":35,"column":84},"end":{"line":35,"column":117}}],"line":35},"10":{"loc":{"start":{"line":37,"column":8},"end":{"line":37,"column":51}},"type":"if","locations":[{"start":{"line":37,"column":8},"end":{"line":37,"column":51}},{"start":{},"end":{}}],"line":37},"11":{"loc":{"start":{"line":46,"column":8},"end":{"line":48,"column":9}},"type":"if","locations":[{"start":{"line":46,"column":8},"end":{"line":48,"column":9}},{"start":{},"end":{}}],"line":46},"12":{"loc":{"start":{"line":46,"column":12},"end":{"line":46,"column":73}},"type":"binary-expr","locations":[{"start":{"line":46,"column":12},"end":{"line":46,"column":40}},{"start":{"line":46,"column":44},"end":{"line":46,"column":73}}],"line":46},"13":{"loc":{"start":{"line":51,"column":12},"end":{"line":53,"column":13}},"type":"if","locations":[{"start":{"line":51,"column":12},"end":{"line":53,"column":13}},{"start":{},"end":{}}],"line":51},"14":{"loc":{"start":{"line":52,"column":23},"end":{"line":52,"column":101}},"type":"cond-expr","locations":[{"start":{"line":52,"column":48},"end":{"line":52,"column":77}},{"start":{"line":52,"column":80},"end":{"line":52,"column":101}}],"line":52},"15":{"loc":{"start":{"line":56,"column":19},"end":{"line":56,"column":97}},"type":"cond-expr","locations":[{"start":{"line":56,"column":44},"end":{"line":56,"column":73}},{"start":{"line":56,"column":76},"end":{"line":56,"column":97}}],"line":56},"16":{"loc":{"start":{"line":60,"column":15},"end":{"line":60,"column":82}},"type":"binary-expr","locations":[{"start":{"line":60,"column":15},"end":{"line":60,"column":55}},{"start":{"line":60,"column":59},"end":{"line":60,"column":82}}],"line":60},"17":{"loc":{"start":{"line":62,"column":15},"end":{"line":62,"column":86}},"type":"binary-expr","locations":[{"start":{"line":62,"column":15},"end":{"line":62,"column":52}},{"start":{"line":62,"column":56},"end":{"line":62,"column":86}}],"line":62},"18":{"loc":{"start":{"line":64,"column":15},"end":{"line":64,"column":103}},"type":"binary-expr","locations":[{"start":{"line":64,"column":15},"end":{"line":64,"column":69}},{"start":{"line":64,"column":73},"end":{"line":64,"column":103}}],"line":64},"19":{"loc":{"start":{"line":67,"column":15},"end":{"line":67,"column":102}},"type":"binary-expr","locations":[{"start":{"line":67,"column":16},"end":{"line":67,"column":28}},{"start":{"line":67,"column":32},"end":{"line":67,"column":41}},{"start":{"line":67,"column":45},"end":{"line":67,"column":58}},{"start":{"line":67,"column":63},"end":{"line":67,"column":102}}],"line":67},"20":{"loc":{"start":{"line":70,"column":15},"end":{"line":70,"column":71}},"type":"binary-expr","locations":[{"start":{"line":70,"column":15},"end":{"line":70,"column":40}},{"start":{"line":70,"column":44},"end":{"line":70,"column":71}}],"line":70},"21":{"loc":{"start":{"line":72,"column":15},"end":{"line":72,"column":128}},"type":"binary-expr","locations":[{"start":{"line":72,"column":15},"end":{"line":72,"column":99}},{"start":{"line":72,"column":103},"end":{"line":72,"column":128}}],"line":72},"22":{"loc":{"start":{"line":79,"column":4},"end":{"line":79,"column":30}},"type":"if","locations":[{"start":{"line":79,"column":4},"end":{"line":79,"column":30}},{"start":{},"end":{}}],"line":79},"23":{"loc":{"start":{"line":82,"column":15},"end":{"line":82,"column":62}},"type":"binary-expr","locations":[{"start":{"line":82,"column":15},"end":{"line":82,"column":32}},{"start":{"line":82,"column":36},"end":{"line":82,"column":62}}],"line":82},"24":{"loc":{"start":{"line":90,"column":4},"end":{"line":113,"column":5}},"type":"if","locations":[{"start":{"line":90,"column":4},"end":{"line":113,"column":5}},{"start":{},"end":{}}],"line":90},"25":{"loc":{"start":{"line":104,"column":8},"end":{"line":106,"column":9}},"type":"if","locations":[{"start":{"line":104,"column":8},"end":{"line":106,"column":9}},{"start":{},"end":{}}],"line":104},"26":{"loc":{"start":{"line":110,"column":8},"end":{"line":112,"column":9}},"type":"if","locations":[{"start":{"line":110,"column":8},"end":{"line":112,"column":9}},{"start":{},"end":{}}],"line":110},"27":{"loc":{"start":{"line":123,"column":22},"end":{"line":123,"column":37}},"type":"binary-expr","locations":[{"start":{"line":123,"column":22},"end":{"line":123,"column":32}},{"start":{"line":123,"column":36},"end":{"line":123,"column":37}}],"line":123},"28":{"loc":{"start":{"line":137,"column":4},"end":{"line":139,"column":5}},"type":"if","locations":[{"start":{"line":137,"column":4},"end":{"line":139,"column":5}},{"start":{},"end":{}}],"line":137},"29":{"loc":{"start":{"line":137,"column":8},"end":{"line":137,"column":59}},"type":"binary-expr","locations":[{"start":{"line":137,"column":8},"end":{"line":137,"column":31}},{"start":{"line":137,"column":35},"end":{"line":137,"column":59}}],"line":137},"30":{"loc":{"start":{"line":140,"column":4},"end":{"line":142,"column":5}},"type":"if","locations":[{"start":{"line":140,"column":4},"end":{"line":142,"column":5}},{"start":{},"end":{}}],"line":140},"31":{"loc":{"start":{"line":140,"column":8},"end":{"line":140,"column":59}},"type":"binary-expr","locations":[{"start":{"line":140,"column":8},"end":{"line":140,"column":31}},{"start":{"line":140,"column":35},"end":{"line":140,"column":59}}],"line":140},"32":{"loc":{"start":{"line":148,"column":4},"end":{"line":148,"column":53}},"type":"if","locations":[{"start":{"line":148,"column":4},"end":{"line":148,"column":53}},{"start":{},"end":{}}],"line":148},"33":{"loc":{"start":{"line":148,"column":8},"end":{"line":148,"column":38}},"type":"binary-expr","locations":[{"start":{"line":148,"column":8},"end":{"line":148,"column":25}},{"start":{"line":148,"column":29},"end":{"line":148,"column":38}}],"line":148},"34":{"loc":{"start":{"line":149,"column":4},"end":{"line":149,"column":53}},"type":"if","locations":[{"start":{"line":149,"column":4},"end":{"line":149,"column":53}},{"start":{},"end":{}}],"line":149},"35":{"loc":{"start":{"line":149,"column":8},"end":{"line":149,"column":38}},"type":"binary-expr","locations":[{"start":{"line":149,"column":8},"end":{"line":149,"column":25}},{"start":{"line":149,"column":29},"end":{"line":149,"column":38}}],"line":149},"36":{"loc":{"start":{"line":155,"column":4},"end":{"line":155,"column":42}},"type":"if","locations":[{"start":{"line":155,"column":4},"end":{"line":155,"column":42}},{"start":{},"end":{}}],"line":155},"37":{"loc":{"start":{"line":157,"column":4},"end":{"line":164,"column":5}},"type":"if","locations":[{"start":{"line":157,"column":4},"end":{"line":164,"column":5}},{"start":{},"end":{}}],"line":157},"38":{"loc":{"start":{"line":159,"column":12},"end":{"line":161,"column":13}},"type":"if","locations":[{"start":{"line":159,"column":12},"end":{"line":161,"column":13}},{"start":{},"end":{}}],"line":159},"39":{"loc":{"start":{"line":168,"column":8},"end":{"line":174,"column":9}},"type":"if","locations":[{"start":{"line":168,"column":8},"end":{"line":174,"column":9}},{"start":{"line":172,"column":15},"end":{"line":174,"column":9}}],"line":168},"40":{"loc":{"start":{"line":169,"column":12},"end":{"line":171,"column":13}},"type":"if","locations":[{"start":{"line":169,"column":12},"end":{"line":171,"column":13}},{"start":{},"end":{}}],"line":169},"41":{"loc":{"start":{"line":172,"column":15},"end":{"line":174,"column":9}},"type":"if","locations":[{"start":{"line":172,"column":15},"end":{"line":174,"column":9}},{"start":{},"end":{}}],"line":172},"42":{"loc":{"start":{"line":172,"column":19},"end":{"line":172,"column":56}},"type":"binary-expr","locations":[{"start":{"line":172,"column":19},"end":{"line":172,"column":43}},{"start":{"line":172,"column":47},"end":{"line":172,"column":56}}],"line":172},"43":{"loc":{"start":{"line":180,"column":4},"end":{"line":180,"column":29}},"type":"if","locations":[{"start":{"line":180,"column":4},"end":{"line":180,"column":29}},{"start":{},"end":{}}],"line":180},"44":{"loc":{"start":{"line":192,"column":11},"end":{"line":192,"column":48}},"type":"binary-expr","locations":[{"start":{"line":192,"column":11},"end":{"line":192,"column":39}},{"start":{"line":192,"column":43},"end":{"line":192,"column":48}}],"line":192},"45":{"loc":{"start":{"line":196,"column":16},"end":{"line":196,"column":53}},"type":"binary-expr","locations":[{"start":{"line":196,"column":16},"end":{"line":196,"column":36}},{"start":{"line":196,"column":40},"end":{"line":196,"column":53}}],"line":196},"46":{"loc":{"start":{"line":198,"column":4},"end":{"line":200,"column":5}},"type":"if","locations":[{"start":{"line":198,"column":4},"end":{"line":200,"column":5}},{"start":{},"end":{}}],"line":198},"47":{"loc":{"start":{"line":205,"column":4},"end":{"line":207,"column":5}},"type":"if","locations":[{"start":{"line":205,"column":4},"end":{"line":207,"column":5}},{"start":{},"end":{}}],"line":205},"48":{"loc":{"start":{"line":206,"column":15},"end":{"line":206,"column":92}},"type":"binary-expr","locations":[{"start":{"line":206,"column":15},"end":{"line":206,"column":40}},{"start":{"line":206,"column":44},"end":{"line":206,"column":92}}],"line":206},"49":{"loc":{"start":{"line":210,"column":4},"end":{"line":222,"column":5}},"type":"if","locations":[{"start":{"line":210,"column":4},"end":{"line":222,"column":5}},{"start":{},"end":{}}],"line":210},"50":{"loc":{"start":{"line":213,"column":32},"end":{"line":213,"column":110}},"type":"cond-expr","locations":[{"start":{"line":213,"column":85},"end":{"line":213,"column":102}},{"start":{"line":213,"column":105},"end":{"line":213,"column":110}}],"line":213},"51":{"loc":{"start":{"line":213,"column":32},"end":{"line":213,"column":82}},"type":"binary-expr","locations":[{"start":{"line":213,"column":32},"end":{"line":213,"column":57}},{"start":{"line":213,"column":61},"end":{"line":213,"column":82}}],"line":213},"52":{"loc":{"start":{"line":215,"column":19},"end":{"line":215,"column":50}},"type":"cond-expr","locations":[{"start":{"line":215,"column":37},"end":{"line":215,"column":41}},{"start":{"line":215,"column":44},"end":{"line":215,"column":50}}],"line":215},"53":{"loc":{"start":{"line":217,"column":12},"end":{"line":219,"column":13}},"type":"if","locations":[{"start":{"line":217,"column":12},"end":{"line":219,"column":13}},{"start":{},"end":{}}],"line":217},"54":{"loc":{"start":{"line":225,"column":4},"end":{"line":228,"column":5}},"type":"if","locations":[{"start":{"line":225,"column":4},"end":{"line":228,"column":5}},{"start":{},"end":{}}],"line":225},"55":{"loc":{"start":{"line":227,"column":15},"end":{"line":227,"column":62}},"type":"binary-expr","locations":[{"start":{"line":227,"column":15},"end":{"line":227,"column":32}},{"start":{"line":227,"column":36},"end":{"line":227,"column":62}}],"line":227},"56":{"loc":{"start":{"line":231,"column":4},"end":{"line":239,"column":5}},"type":"if","locations":[{"start":{"line":231,"column":4},"end":{"line":239,"column":5}},{"start":{},"end":{}}],"line":231},"57":{"loc":{"start":{"line":231,"column":8},"end":{"line":231,"column":59}},"type":"binary-expr","locations":[{"start":{"line":231,"column":8},"end":{"line":231,"column":37}},{"start":{"line":231,"column":41},"end":{"line":231,"column":59}}],"line":231},"58":{"loc":{"start":{"line":233,"column":32},"end":{"line":233,"column":85}},"type":"cond-expr","locations":[{"start":{"line":233,"column":60},"end":{"line":233,"column":77}},{"start":{"line":233,"column":80},"end":{"line":233,"column":85}}],"line":233},"59":{"loc":{"start":{"line":235,"column":19},"end":{"line":235,"column":58}},"type":"cond-expr","locations":[{"start":{"line":235,"column":41},"end":{"line":235,"column":45}},{"start":{"line":235,"column":48},"end":{"line":235,"column":58}}],"line":235},"60":{"loc":{"start":{"line":246,"column":4},"end":{"line":252,"column":5}},"type":"if","locations":[{"start":{"line":246,"column":4},"end":{"line":252,"column":5}},{"start":{},"end":{}}],"line":246},"61":{"loc":{"start":{"line":248,"column":12},"end":{"line":250,"column":13}},"type":"if","locations":[{"start":{"line":248,"column":12},"end":{"line":250,"column":13}},{"start":{},"end":{}}],"line":248},"62":{"loc":{"start":{"line":255,"column":4},"end":{"line":264,"column":5}},"type":"if","locations":[{"start":{"line":255,"column":4},"end":{"line":264,"column":5}},{"start":{},"end":{}}],"line":255},"63":{"loc":{"start":{"line":257,"column":12},"end":{"line":262,"column":13}},"type":"if","locations":[{"start":{"line":257,"column":12},"end":{"line":262,"column":13}},{"start":{},"end":{}}],"line":257},"64":{"loc":{"start":{"line":259,"column":16},"end":{"line":261,"column":17}},"type":"if","locations":[{"start":{"line":259,"column":16},"end":{"line":261,"column":17}},{"start":{},"end":{}}],"line":259},"65":{"loc":{"start":{"line":259,"column":20},"end":{"line":259,"column":78}},"type":"binary-expr","locations":[{"start":{"line":259,"column":20},"end":{"line":259,"column":36}},{"start":{"line":259,"column":40},"end":{"line":259,"column":78}}],"line":259},"66":{"loc":{"start":{"line":277,"column":8},"end":{"line":279,"column":9}},"type":"if","locations":[{"start":{"line":277,"column":8},"end":{"line":279,"column":9}},{"start":{},"end":{}}],"line":277},"67":{"loc":{"start":{"line":283,"column":8},"end":{"line":285,"column":9}},"type":"if","locations":[{"start":{"line":283,"column":8},"end":{"line":285,"column":9}},{"start":{},"end":{}}],"line":283},"68":{"loc":{"start":{"line":290,"column":12},"end":{"line":296,"column":13}},"type":"if","locations":[{"start":{"line":290,"column":12},"end":{"line":296,"column":13}},{"start":{},"end":{}}],"line":290},"69":{"loc":{"start":{"line":290,"column":16},"end":{"line":290,"column":84}},"type":"binary-expr","locations":[{"start":{"line":290,"column":16},"end":{"line":290,"column":24}},{"start":{"line":290,"column":28},"end":{"line":290,"column":54}},{"start":{"line":290,"column":58},"end":{"line":290,"column":84}}],"line":290},"70":{"loc":{"start":{"line":293,"column":16},"end":{"line":295,"column":17}},"type":"if","locations":[{"start":{"line":293,"column":16},"end":{"line":295,"column":17}},{"start":{},"end":{}}],"line":293},"71":{"loc":{"start":{"line":301,"column":8},"end":{"line":303,"column":9}},"type":"if","locations":[{"start":{"line":301,"column":8},"end":{"line":303,"column":9}},{"start":{},"end":{}}],"line":301},"72":{"loc":{"start":{"line":319,"column":25},"end":{"line":319,"column":62}},"type":"binary-expr","locations":[{"start":{"line":319,"column":25},"end":{"line":319,"column":45}},{"start":{"line":319,"column":49},"end":{"line":319,"column":62}}],"line":319},"73":{"loc":{"start":{"line":330,"column":53},"end":{"line":330,"column":84}},"type":"binary-expr","locations":[{"start":{"line":330,"column":53},"end":{"line":330,"column":78}},{"start":{"line":330,"column":82},"end":{"line":330,"column":84}}],"line":330},"74":{"loc":{"start":{"line":333,"column":51},"end":{"line":333,"column":82}},"type":"binary-expr","locations":[{"start":{"line":333,"column":51},"end":{"line":333,"column":76}},{"start":{"line":333,"column":80},"end":{"line":333,"column":82}}],"line":333},"75":{"loc":{"start":{"line":337,"column":12},"end":{"line":345,"column":13}},"type":"if","locations":[{"start":{"line":337,"column":12},"end":{"line":345,"column":13}},{"start":{},"end":{}}],"line":337},"76":{"loc":{"start":{"line":338,"column":16},"end":{"line":344,"column":17}},"type":"if","locations":[{"start":{"line":338,"column":16},"end":{"line":344,"column":17}},{"start":{"line":340,"column":23},"end":{"line":344,"column":17}}],"line":338},"77":{"loc":{"start":{"line":348,"column":12},"end":{"line":354,"column":13}},"type":"if","locations":[{"start":{"line":348,"column":12},"end":{"line":354,"column":13}},{"start":{},"end":{}}],"line":348},"78":{"loc":{"start":{"line":350,"column":16},"end":{"line":353,"column":17}},"type":"if","locations":[{"start":{"line":350,"column":16},"end":{"line":353,"column":17}},{"start":{},"end":{}}],"line":350},"79":{"loc":{"start":{"line":358,"column":12},"end":{"line":365,"column":13}},"type":"if","locations":[{"start":{"line":358,"column":12},"end":{"line":365,"column":13}},{"start":{},"end":{}}],"line":358},"80":{"loc":{"start":{"line":358,"column":16},"end":{"line":358,"column":55}},"type":"binary-expr","locations":[{"start":{"line":358,"column":16},"end":{"line":358,"column":38}},{"start":{"line":358,"column":42},"end":{"line":358,"column":55}}],"line":358},"81":{"loc":{"start":{"line":368,"column":12},"end":{"line":374,"column":13}},"type":"if","locations":[{"start":{"line":368,"column":12},"end":{"line":374,"column":13}},{"start":{},"end":{}}],"line":368},"82":{"loc":{"start":{"line":370,"column":16},"end":{"line":373,"column":17}},"type":"if","locations":[{"start":{"line":370,"column":16},"end":{"line":373,"column":17}},{"start":{},"end":{}}],"line":370},"83":{"loc":{"start":{"line":377,"column":12},"end":{"line":393,"column":13}},"type":"if","locations":[{"start":{"line":377,"column":12},"end":{"line":393,"column":13}},{"start":{},"end":{}}],"line":377},"84":{"loc":{"start":{"line":379,"column":16},"end":{"line":382,"column":17}},"type":"if","locations":[{"start":{"line":379,"column":16},"end":{"line":382,"column":17}},{"start":{},"end":{}}],"line":379},"85":{"loc":{"start":{"line":385,"column":16},"end":{"line":392,"column":17}},"type":"switch","locations":[{"start":{"line":386,"column":16},"end":{"line":388,"column":26}},{"start":{"line":389,"column":16},"end":{"line":391,"column":26}}],"line":385},"86":{"loc":{"start":{"line":390,"column":34},"end":{"line":390,"column":67}},"type":"binary-expr","locations":[{"start":{"line":390,"column":34},"end":{"line":390,"column":50}},{"start":{"line":390,"column":54},"end":{"line":390,"column":67}}],"line":390},"87":{"loc":{"start":{"line":396,"column":12},"end":{"line":402,"column":13}},"type":"if","locations":[{"start":{"line":396,"column":12},"end":{"line":402,"column":13}},{"start":{},"end":{}}],"line":396},"88":{"loc":{"start":{"line":398,"column":16},"end":{"line":401,"column":17}},"type":"if","locations":[{"start":{"line":398,"column":16},"end":{"line":401,"column":17}},{"start":{},"end":{}}],"line":398},"89":{"loc":{"start":{"line":405,"column":12},"end":{"line":411,"column":13}},"type":"if","locations":[{"start":{"line":405,"column":12},"end":{"line":411,"column":13}},{"start":{},"end":{}}],"line":405},"90":{"loc":{"start":{"line":405,"column":16},"end":{"line":405,"column":80}},"type":"binary-expr","locations":[{"start":{"line":405,"column":16},"end":{"line":405,"column":46}},{"start":{"line":405,"column":50},"end":{"line":405,"column":80}}],"line":405},"91":{"loc":{"start":{"line":407,"column":16},"end":{"line":410,"column":17}},"type":"if","locations":[{"start":{"line":407,"column":16},"end":{"line":410,"column":17}},{"start":{},"end":{}}],"line":407},"92":{"loc":{"start":{"line":414,"column":12},"end":{"line":420,"column":13}},"type":"if","locations":[{"start":{"line":414,"column":12},"end":{"line":420,"column":13}},{"start":{},"end":{}}],"line":414},"93":{"loc":{"start":{"line":414,"column":16},"end":{"line":414,"column":68}},"type":"binary-expr","locations":[{"start":{"line":414,"column":16},"end":{"line":414,"column":40}},{"start":{"line":414,"column":44},"end":{"line":414,"column":68}}],"line":414},"94":{"loc":{"start":{"line":416,"column":16},"end":{"line":419,"column":17}},"type":"if","locations":[{"start":{"line":416,"column":16},"end":{"line":419,"column":17}},{"start":{},"end":{}}],"line":416},"95":{"loc":{"start":{"line":423,"column":12},"end":{"line":426,"column":13}},"type":"if","locations":[{"start":{"line":423,"column":12},"end":{"line":426,"column":13}},{"start":{},"end":{}}],"line":423},"96":{"loc":{"start":{"line":423,"column":16},"end":{"line":423,"column":65}},"type":"binary-expr","locations":[{"start":{"line":423,"column":16},"end":{"line":423,"column":30}},{"start":{"line":423,"column":34},"end":{"line":423,"column":65}}],"line":423},"97":{"loc":{"start":{"line":429,"column":12},"end":{"line":435,"column":13}},"type":"if","locations":[{"start":{"line":429,"column":12},"end":{"line":435,"column":13}},{"start":{},"end":{}}],"line":429},"98":{"loc":{"start":{"line":431,"column":16},"end":{"line":434,"column":17}},"type":"if","locations":[{"start":{"line":431,"column":16},"end":{"line":434,"column":17}},{"start":{},"end":{}}],"line":431},"99":{"loc":{"start":{"line":438,"column":12},"end":{"line":444,"column":13}},"type":"if","locations":[{"start":{"line":438,"column":12},"end":{"line":444,"column":13}},{"start":{},"end":{}}],"line":438},"100":{"loc":{"start":{"line":440,"column":16},"end":{"line":443,"column":17}},"type":"if","locations":[{"start":{"line":440,"column":16},"end":{"line":443,"column":17}},{"start":{},"end":{}}],"line":440},"101":{"loc":{"start":{"line":447,"column":12},"end":{"line":450,"column":13}},"type":"if","locations":[{"start":{"line":447,"column":12},"end":{"line":450,"column":13}},{"start":{},"end":{}}],"line":447},"102":{"loc":{"start":{"line":459,"column":8},"end":{"line":461,"column":9}},"type":"if","locations":[{"start":{"line":459,"column":8},"end":{"line":461,"column":9}},{"start":{},"end":{}}],"line":459},"103":{"loc":{"start":{"line":465,"column":8},"end":{"line":467,"column":9}},"type":"if","locations":[{"start":{"line":465,"column":8},"end":{"line":467,"column":9}},{"start":{},"end":{}}],"line":465}},"s":{"0":4,"1":4,"2":19,"3":19,"4":19,"5":19,"6":0,"7":0,"8":0,"9":19,"10":19,"11":34,"12":0,"13":34,"14":0,"15":34,"16":11,"17":7,"18":6,"19":5,"20":0,"21":5,"22":5,"23":5,"24":0,"25":5,"26":1,"27":4,"28":4,"29":2,"30":0,"31":2,"32":2,"33":0,"34":0,"35":0,"36":0,"37":0,"38":0,"39":0,"40":0,"41":5,"42":0,"43":5,"44":5,"45":5,"46":0,"47":0,"48":0,"49":0,"50":0,"51":0,"52":0,"53":0,"54":0,"55":0,"56":0,"57":0,"58":0,"59":0,"60":0,"61":0,"62":0,"63":0,"64":0,"65":0,"66":0,"67":1,"68":1,"69":0,"70":0,"71":0,"72":1,"73":1,"74":0,"75":1,"76":0,"77":1,"78":2,"79":2,"80":0,"81":2,"82":2,"83":2,"84":1,"85":1,"86":0,"87":0,"88":0,"89":0,"90":0,"91":0,"92":0,"93":0,"94":0,"95":0,"96":0,"97":0,"98":10,"99":10,"100":0,"101":10,"102":10,"103":1,"104":9,"105":7,"106":7,"107":7,"108":7,"109":0,"110":0,"111":0,"112":2,"113":1,"114":1,"115":1,"116":1,"117":1,"118":1,"119":1,"120":0,"121":0,"122":2,"123":2,"124":4,"125":2,"126":0,"127":0,"128":0,"129":0,"130":0,"131":0,"132":0,"133":0,"134":0,"135":0,"136":0,"137":0,"138":0,"139":0,"140":0,"141":0,"142":0,"143":0,"144":0,"145":0,"146":0,"147":0,"148":0,"149":0,"150":0,"151":0,"152":0,"153":0,"154":0,"155":43,"156":43,"157":43,"158":43,"159":43,"160":43,"161":45,"162":45,"163":2,"164":0,"165":2,"166":2,"167":2,"168":43,"169":2,"170":2,"171":1,"172":1,"173":42,"174":42,"175":8,"176":8,"177":2,"178":2,"179":40,"180":1,"181":1,"182":1,"183":1,"184":39,"185":34,"186":34,"187":3,"188":3,"189":31,"190":6,"191":6,"192":6,"193":6,"194":36,"195":5,"196":5,"197":2,"198":2,"199":34,"200":1,"201":1,"202":1,"203":1,"204":33,"205":1,"206":1,"207":0,"208":0,"209":33,"210":0,"211":0,"212":33,"213":0,"214":0,"215":0,"216":0,"217":33,"218":10,"219":10,"220":8,"221":8,"222":25,"223":0,"224":0,"225":25,"226":25,"227":43,"228":43,"229":43,"230":19,"231":24,"232":19,"233":19,"234":0,"235":0,"236":4},"f":{"0":19,"1":0,"2":19,"3":34,"4":5,"5":0,"6":0,"7":0,"8":1,"9":1,"10":2,"11":0,"12":10,"13":2,"14":0,"15":0,"16":0,"17":0,"18":43},"b":{"0":[0],"1":[0],"2":[0,0],"3":[19,0],"4":[0,34],"5":[0,34],"6":[34,34],"7":[11,7,6,5,5,0,0,0,0,0,0,0],"8":[6,1],"9":[6,0],"10":[0,5],"11":[1,4],"12":[5,4],"13":[0,2],"14":[0,0],"15":[1,1],"16":[0,0],"17":[0,0],"18":[0,0],"19":[0,0,0,0],"20":[0,0],"21":[0,0],"22":[0,5],"23":[5,2],"24":[0,0],"25":[0,0],"26":[0,0],"27":[0,0],"28":[1,0],"29":[1,1],"30":[0,0],"31":[0,0],"32":[0,1],"33":[1,1],"34":[0,1],"35":[1,1],"36":[0,2],"37":[2,0],"38":[1,1],"39":[0,0],"40":[0,0],"41":[0,0],"42":[0,0],"43":[0,0],"44":[0,0],"45":[10,1],"46":[0,10],"47":[1,9],"48":[1,1],"49":[7,2],"50":[1,6],"51":[7,7],"52":[2,5],"53":[0,0],"54":[1,1],"55":[1,1],"56":[1,0],"57":[1,1],"58":[1,0],"59":[0,1],"60":[2,0],"61":[2,2],"62":[0,0],"63":[0,0],"64":[0,0],"65":[0,0],"66":[0,0],"67":[0,0],"68":[0,0],"69":[0,0,0],"70":[0,0],"71":[0,0],"72":[43,33],"73":[43,0],"74":[43,0],"75":[2,43],"76":[0,2],"77":[2,41],"78":[1,1],"79":[8,34],"80":[42,34],"81":[1,39],"82":[1,0],"83":[34,5],"84":[3,31],"85":[6,6],"86":[6,3],"87":[5,31],"88":[2,3],"89":[1,33],"90":[34,33],"91":[1,0],"92":[1,32],"93":[33,32],"94":[0,1],"95":[0,33],"96":[33,0],"97":[0,33],"98":[0,0],"99":[10,23],"100":[8,2],"101":[0,25],"102":[19,24],"103":[19,0]},"_coverageSchema":"1a1c01bbd47fc00a2c39e90264f33305004495a9","hash":"89bc142a18bb4c962eb1c291278513bbf358a80e"}
}
