TN:
SF:src\validator.js
FN:2,(anonymous_0)
FN:9,validateEnv
FNF:2
FNH:2
FNDA:24,(anonymous_0)
FNDA:36,validateEnv
DA:3,24
DA:4,24
DA:5,24
DA:10,36
DA:11,4
DA:14,32
DA:15,32
DA:17,32
DA:18,1
DA:21,31
DA:22,38
DA:24,38
DA:25,7
DA:26,4
DA:27,3
DA:28,2
DA:29,2
DA:31,1
DA:35,35
DA:36,35
DA:39,35
DA:40,3
DA:41,3
DA:42,2
DA:47,33
DA:49,33
DA:51,6
DA:52,6
DA:55,15
DA:56,15
DA:57,4
DA:60,11
DA:61,2
DA:63,9
DA:64,2
DA:66,7
DA:67,7
DA:70,5
DA:71,5
DA:73,4
DA:75,1
DA:78,5
DA:79,2
DA:81,3
DA:82,3
DA:85,2
DA:88,17
DA:90,18
DA:94,31
DA:95,20
DA:98,11
DA:104,1
LF:52
LH:52
BRDA:3,0,0,20
BRDA:3,0,1,4
BRDA:5,1,0,20
BRDA:5,1,1,4
BRDA:10,2,0,4
BRDA:10,2,1,32
BRDA:10,3,0,36
BRDA:10,3,1,32
BRDA:17,4,0,1
BRDA:17,4,1,31
BRDA:24,5,0,7
BRDA:24,5,1,31
BRDA:25,6,0,4
BRDA:25,6,1,3
BRDA:27,7,0,2
BRDA:27,7,1,1
BRDA:39,8,0,3
BRDA:39,8,1,32
BRDA:41,9,0,2
BRDA:41,9,1,1
BRDA:49,10,0,6
BRDA:49,10,1,15
BRDA:49,10,2,5
BRDA:49,10,3,5
BRDA:49,10,4,2
BRDA:56,11,0,4
BRDA:56,11,1,11
BRDA:60,12,0,2
BRDA:60,12,1,9
BRDA:60,13,0,11
BRDA:60,13,1,5
BRDA:63,14,0,2
BRDA:63,14,1,7
BRDA:63,15,0,9
BRDA:63,15,1,3
BRDA:78,16,0,2
BRDA:78,16,1,3
BRDA:78,17,0,5
BRDA:78,17,1,3
BRDA:94,18,0,20
BRDA:94,18,1,11
BRF:41
BRH:41
end_of_record
